<?xml version="1.0" encoding="UTF-8"?>
<!-- Generated by org.testng.reporters.JUnitReportReporter -->
<testsuite hostname="DESKTOP-6AJHHJJ" failures="0" tests="2" name="Bank.Bank.CalculatorApp" time="0.014" errors="0" timestamp="2024-03-08T09:44:04 IST" skipped="0">
  <testcase classname="Bank.Bank.CalculatorApp" name="testSub" time="0.012"/>
  <testcase classname="Bank.Bank.CalculatorApp" name="testAdd" time="0.002"/>
</testsuite> <!-- Bank.Bank.CalculatorApp -->
