<?xml version="1.0" encoding="UTF-8"?>
<!-- Generated by org.testng.reporters.JUnitReportReporter -->
<testsuite hostname="DESKTOP-6AJHHJJ" failures="0" tests="4" name="Bank.Bank.AppTest" time="3.274" errors="0" timestamp="2024-03-28T10:25:47 IST" skipped="3">
  <testcase classname="Bank.Bank.AppTest" name="validateLogin" time="3.274"/>
  <testcase classname="Bank.Bank.AppTest" name="Test">
    <skipped/>
  </testcase> <!-- Test -->
  <testcase classname="Bank.Bank.AppTest" name="openBrowser">
    <skipped/>
  </testcase> <!-- openBrowser -->
  <testcase classname="Bank.Bank.AppTest" name="validatecoursera">
    <skipped/>
  </testcase> <!-- validatecoursera -->
</testsuite> <!-- Bank.Bank.AppTest -->
